Determining if the pthread_create exist failed with the following output:
Change Dir: /home/workspace/SFND_Lidar_Obstacle_Detection/build/CMakeFiles/CMakeTmp

Run Build Command:"/usr/bin/make" "cmTC_617bd/fast"
/usr/bin/make -f CMakeFiles/cmTC_617bd.dir/build.make CMakeFiles/cmTC_617bd.dir/build
make[1]: Entering directory '/home/workspace/SFND_Lidar_Obstacle_Detection/build/CMakeFiles/CMakeTmp'
Building C object CMakeFiles/cmTC_617bd.dir/CheckSymbolExists.c.o
/usr/bin/cc    -o CMakeFiles/cmTC_617bd.dir/CheckSymbolExists.c.o   -c /home/workspace/SFND_Lidar_Obstacle_Detection/build/CMakeFiles/CMakeTmp/CheckSymbolExists.c
Linking C executable cmTC_617bd
/usr/local/bin/cmake -E cmake_link_script CMakeFiles/cmTC_617bd.dir/link.txt --verbose=1
/usr/bin/cc      -rdynamic CMakeFiles/cmTC_617bd.dir/CheckSymbolExists.c.o  -o cmTC_617bd 
CMakeFiles/cmTC_617bd.dir/CheckSymbolExists.c.o: In function `main':
CheckSymbolExists.c:(.text+0x16): undefined reference to `pthread_create'
collect2: error: ld returned 1 exit status
CMakeFiles/cmTC_617bd.dir/build.make:86: recipe for target 'cmTC_617bd' failed
make[1]: *** [cmTC_617bd] Error 1
make[1]: Leaving directory '/home/workspace/SFND_Lidar_Obstacle_Detection/build/CMakeFiles/CMakeTmp'
Makefile:121: recipe for target 'cmTC_617bd/fast' failed
make: *** [cmTC_617bd/fast] Error 2

File /home/workspace/SFND_Lidar_Obstacle_Detection/build/CMakeFiles/CMakeTmp/CheckSymbolExists.c:
/* */
#include <pthread.h>

int main(int argc, char** argv)
{
  (void)argv;
#ifndef pthread_create
  return ((int*)(&pthread_create))[argc];
#else
  (void)argc;
  return 0;
#endif
}

Determining if the function pthread_create exists in the pthreads failed with the following output:
Change Dir: /home/workspace/SFND_Lidar_Obstacle_Detection/build/CMakeFiles/CMakeTmp

Run Build Command:"/usr/bin/make" "cmTC_12f80/fast"
/usr/bin/make -f CMakeFiles/cmTC_12f80.dir/build.make CMakeFiles/cmTC_12f80.dir/build
make[1]: Entering directory '/home/workspace/SFND_Lidar_Obstacle_Detection/build/CMakeFiles/CMakeTmp'
Building C object CMakeFiles/cmTC_12f80.dir/CheckFunctionExists.c.o
/usr/bin/cc   -DCHECK_FUNCTION_EXISTS=pthread_create   -o CMakeFiles/cmTC_12f80.dir/CheckFunctionExists.c.o   -c /usr/local/share/cmake-3.13/Modules/CheckFunctionExists.c
Linking C executable cmTC_12f80
/usr/local/bin/cmake -E cmake_link_script CMakeFiles/cmTC_12f80.dir/link.txt --verbose=1
/usr/bin/cc  -DCHECK_FUNCTION_EXISTS=pthread_create    -rdynamic CMakeFiles/cmTC_12f80.dir/CheckFunctionExists.c.o  -o cmTC_12f80 -lpthreads 
/usr/bin/ld: cannot find -lpthreads
collect2: error: ld returned 1 exit status
CMakeFiles/cmTC_12f80.dir/build.make:86: recipe for target 'cmTC_12f80' failed
make[1]: *** [cmTC_12f80] Error 1
make[1]: Leaving directory '/home/workspace/SFND_Lidar_Obstacle_Detection/build/CMakeFiles/CMakeTmp'
Makefile:121: recipe for target 'cmTC_12f80/fast' failed
make: *** [cmTC_12f80/fast] Error 2


